{"C:\\Users\\Admin pc\\Desktop\\script  add unit testing\\Generate-Random-number\\script.js": {"path":"C:\\Users\\Admin pc\\Desktop\\script  add unit testing\\Generate-Random-number\\script.js","statementMap":{"0":{"start":{"line":7,"column":0},"end":{"line":7,"column":16}},"1":{"start":{"line":9,"column":12},"end":{"line":9,"column":21}},"2":{"start":{"line":10,"column":13},"end":{"line":10,"column":17}},"3":{"start":{"line":12,"column":0},"end":{"line":12,"column":16}},"4":{"start":{"line":13,"column":0},"end":{"line":13,"column":24}},"5":{"start":{"line":15,"column":16},"end":{"line":15,"column":39}},"6":{"start":{"line":19,"column":2},"end":{"line":24,"column":3}},"7":{"start":{"line":20,"column":4},"end":{"line":20,"column":36}},"8":{"start":{"line":21,"column":4},"end":{"line":21,"column":40}},"9":{"start":{"line":23,"column":4},"end":{"line":23,"column":63}},"10":{"start":{"line":28,"column":0},"end":{"line":28,"column":12}},"11":{"start":{"line":31,"column":19},"end":{"line":48,"column":2}},"12":{"start":{"line":50,"column":0},"end":{"line":50,"column":34}},"13":{"start":{"line":51,"column":0},"end":{"line":51,"column":31}},"14":{"start":{"line":52,"column":0},"end":{"line":52,"column":31}},"15":{"start":{"line":53,"column":13},"end":{"line":53,"column":47}},"16":{"start":{"line":56,"column":25},"end":{"line":57,"column":53}},"17":{"start":{"line":57,"column":2},"end":{"line":57,"column":53}},"18":{"start":{"line":58,"column":28},"end":{"line":58,"column":71}},"19":{"start":{"line":58,"column":34},"end":{"line":58,"column":71}},"20":{"start":{"line":61,"column":19},"end":{"line":61,"column":28}},"21":{"start":{"line":62,"column":0},"end":{"line":62,"column":38}},"22":{"start":{"line":63,"column":28},"end":{"line":78,"column":1}},"23":{"start":{"line":67,"column":2},"end":{"line":72,"column":34}},"24":{"start":{"line":68,"column":4},"end":{"line":68,"column":35}},"25":{"start":{"line":74,"column":19},"end":{"line":74,"column":40}},"26":{"start":{"line":75,"column":2},"end":{"line":75,"column":36}},"27":{"start":{"line":77,"column":2},"end":{"line":77,"column":15}},"28":{"start":{"line":80,"column":2},"end":{"line":94,"column":3}},"29":{"start":{"line":81,"column":4},"end":{"line":81,"column":48}},"30":{"start":{"line":83,"column":28},"end":{"line":83,"column":59}},"31":{"start":{"line":84,"column":23},"end":{"line":84,"column":65}},"32":{"start":{"line":84,"column":54},"end":{"line":84,"column":64}},"33":{"start":{"line":86,"column":4},"end":{"line":90,"column":5}},"34":{"start":{"line":87,"column":8},"end":{"line":87,"column":73}},"35":{"start":{"line":88,"column":6},"end":{"line":88,"column":61}},"36":{"start":{"line":89,"column":6},"end":{"line":89,"column":59}},"37":{"start":{"line":92,"column":4},"end":{"line":92,"column":52}},"38":{"start":{"line":93,"column":4},"end":{"line":93,"column":16}},"39":{"start":{"line":98,"column":2},"end":{"line":163,"column":3}},"40":{"start":{"line":99,"column":4},"end":{"line":99,"column":37}},"41":{"start":{"line":100,"column":4},"end":{"line":100,"column":26}},"42":{"start":{"line":102,"column":22},"end":{"line":102,"column":23}},"43":{"start":{"line":103,"column":25},"end":{"line":103,"column":28}},"44":{"start":{"line":104,"column":26},"end":{"line":104,"column":27}},"45":{"start":{"line":111,"column":24},"end":{"line":116,"column":9}},"46":{"start":{"line":112,"column":6},"end":{"line":116,"column":9}},"47":{"start":{"line":112,"column":51},"end":{"line":116,"column":7}},"48":{"start":{"line":121,"column":20},"end":{"line":121,"column":22}},"49":{"start":{"line":123,"column":4},"end":{"line":127,"column":5}},"50":{"start":{"line":123,"column":17},"end":{"line":123,"column":18}},"51":{"start":{"line":126,"column":6},"end":{"line":126,"column":34}},"52":{"start":{"line":130,"column":4},"end":{"line":153,"column":6}},"53":{"start":{"line":132,"column":8},"end":{"line":151,"column":9}},"54":{"start":{"line":133,"column":10},"end":{"line":135,"column":12}},"55":{"start":{"line":136,"column":10},"end":{"line":136,"column":59}},"56":{"start":{"line":139,"column":10},"end":{"line":139,"column":42}},"57":{"start":{"line":140,"column":10},"end":{"line":144,"column":12}},"58":{"start":{"line":146,"column":10},"end":{"line":150,"column":11}},"59":{"start":{"line":147,"column":12},"end":{"line":147,"column":77}},"60":{"start":{"line":149,"column":12},"end":{"line":149,"column":30}},"61":{"start":{"line":155,"column":4},"end":{"line":155,"column":40}},"62":{"start":{"line":156,"column":4},"end":{"line":160,"column":9}},"63":{"start":{"line":162,"column":4},"end":{"line":162,"column":74}},"64":{"start":{"line":166,"column":17},"end":{"line":206,"column":1}},"65":{"start":{"line":167,"column":2},"end":{"line":205,"column":3}},"66":{"start":{"line":170,"column":15},"end":{"line":170,"column":42}},"67":{"start":{"line":171,"column":4},"end":{"line":171,"column":48}},"68":{"start":{"line":174,"column":18},"end":{"line":174,"column":20}},"69":{"start":{"line":178,"column":17},"end":{"line":178,"column":35}},"70":{"start":{"line":181,"column":4},"end":{"line":181,"column":66}},"71":{"start":{"line":182,"column":4},"end":{"line":182,"column":43}},"72":{"start":{"line":185,"column":18},"end":{"line":188,"column":19}},"73":{"start":{"line":190,"column":4},"end":{"line":190,"column":62}},"74":{"start":{"line":193,"column":4},"end":{"line":196,"column":5}},"75":{"start":{"line":194,"column":6},"end":{"line":194,"column":38}},"76":{"start":{"line":195,"column":6},"end":{"line":195,"column":65}},"77":{"start":{"line":199,"column":4},"end":{"line":199,"column":32}},"78":{"start":{"line":201,"column":4},"end":{"line":201,"column":73}},"79":{"start":{"line":203,"column":4},"end":{"line":203,"column":50}},"80":{"start":{"line":204,"column":4},"end":{"line":204,"column":69}},"81":{"start":{"line":208,"column":19},"end":{"line":270,"column":1}},"82":{"start":{"line":209,"column":2},"end":{"line":269,"column":3}},"83":{"start":{"line":217,"column":8},"end":{"line":217,"column":17}},"84":{"start":{"line":218,"column":4},"end":{"line":218,"column":32}},"85":{"start":{"line":221,"column":25},"end":{"line":221,"column":38}},"86":{"start":{"line":222,"column":4},"end":{"line":222,"column":46}},"87":{"start":{"line":224,"column":22},"end":{"line":224,"column":52}},"88":{"start":{"line":225,"column":23},"end":{"line":225,"column":54}},"89":{"start":{"line":226,"column":23},"end":{"line":226,"column":54}},"90":{"start":{"line":229,"column":17},"end":{"line":229,"column":42}},"91":{"start":{"line":232,"column":24},"end":{"line":232,"column":26}},"92":{"start":{"line":234,"column":4},"end":{"line":236,"column":5}},"93":{"start":{"line":235,"column":6},"end":{"line":235,"column":51}},"94":{"start":{"line":238,"column":4},"end":{"line":240,"column":5}},"95":{"start":{"line":239,"column":6},"end":{"line":239,"column":49}},"96":{"start":{"line":242,"column":4},"end":{"line":244,"column":5}},"97":{"start":{"line":243,"column":6},"end":{"line":243,"column":49}},"98":{"start":{"line":247,"column":18},"end":{"line":250,"column":13}},"99":{"start":{"line":252,"column":4},"end":{"line":252,"column":46}},"100":{"start":{"line":253,"column":4},"end":{"line":253,"column":39}},"101":{"start":{"line":256,"column":18},"end":{"line":256,"column":56}},"102":{"start":{"line":257,"column":4},"end":{"line":257,"column":32}},"103":{"start":{"line":261,"column":23},"end":{"line":261,"column":54}},"104":{"start":{"line":262,"column":4},"end":{"line":262,"column":42}},"105":{"start":{"line":264,"column":4},"end":{"line":264,"column":63}},"106":{"start":{"line":267,"column":4},"end":{"line":267,"column":25}},"107":{"start":{"line":268,"column":4},"end":{"line":268,"column":52}},"108":{"start":{"line":271,"column":20},"end":{"line":306,"column":1}},"109":{"start":{"line":272,"column":20},"end":{"line":272,"column":23}},"110":{"start":{"line":274,"column":2},"end":{"line":305,"column":3}},"111":{"start":{"line":275,"column":23},"end":{"line":275,"column":24}},"112":{"start":{"line":276,"column":32},"end":{"line":276,"column":33}},"113":{"start":{"line":278,"column":4},"end":{"line":299,"column":50}},"114":{"start":{"line":280,"column":28},"end":{"line":280,"column":64}},"115":{"start":{"line":283,"column":6},"end":{"line":285,"column":7}},"116":{"start":{"line":284,"column":8},"end":{"line":284,"column":14}},"117":{"start":{"line":287,"column":21},"end":{"line":289,"column":8}},"118":{"start":{"line":288,"column":48},"end":{"line":288,"column":56}},"119":{"start":{"line":290,"column":6},"end":{"line":290,"column":50}},"120":{"start":{"line":291,"column":6},"end":{"line":291,"column":44}},"121":{"start":{"line":293,"column":6},"end":{"line":293,"column":60}},"122":{"start":{"line":296,"column":6},"end":{"line":298,"column":7}},"123":{"start":{"line":297,"column":8},"end":{"line":297,"column":65}},"124":{"start":{"line":297,"column":39},"end":{"line":297,"column":63}},"125":{"start":{"line":301,"column":4},"end":{"line":301,"column":71}},"126":{"start":{"line":303,"column":4},"end":{"line":303,"column":50}},"127":{"start":{"line":304,"column":4},"end":{"line":304,"column":49}},"128":{"start":{"line":308,"column":0},"end":{"line":308,"column":40}},"129":{"start":{"line":309,"column":0},"end":{"line":309,"column":28}},"130":{"start":{"line":310,"column":0},"end":{"line":310,"column":31}},"131":{"start":{"line":311,"column":0},"end":{"line":311,"column":38}},"132":{"start":{"line":314,"column":0},"end":{"line":316,"column":3}},"133":{"start":{"line":315,"column":2},"end":{"line":315,"column":63}}},"fnMap":{"0":{"name":"connectDB","decl":{"start":{"line":18,"column":15},"end":{"line":18,"column":24}},"loc":{"start":{"line":18,"column":27},"end":{"line":25,"column":1}},"line":18},"1":{"name":"(anonymous_1)","decl":{"start":{"line":56,"column":25},"end":{"line":56,"column":26}},"loc":{"start":{"line":57,"column":2},"end":{"line":57,"column":53}},"line":57},"2":{"name":"(anonymous_2)","decl":{"start":{"line":58,"column":28},"end":{"line":58,"column":29}},"loc":{"start":{"line":58,"column":34},"end":{"line":58,"column":71}},"line":58},"3":{"name":"(anonymous_3)","decl":{"start":{"line":63,"column":28},"end":{"line":63,"column":29}},"loc":{"start":{"line":63,"column":34},"end":{"line":78,"column":1}},"line":63},"4":{"name":"createIndexes","decl":{"start":{"line":79,"column":15},"end":{"line":79,"column":28}},"loc":{"start":{"line":79,"column":31},"end":{"line":95,"column":1}},"line":79},"5":{"name":"(anonymous_5)","decl":{"start":{"line":84,"column":43},"end":{"line":84,"column":44}},"loc":{"start":{"line":84,"column":54},"end":{"line":84,"column":64}},"line":84},"6":{"name":"populateDatabase","decl":{"start":{"line":97,"column":15},"end":{"line":97,"column":31}},"loc":{"start":{"line":97,"column":42},"end":{"line":164,"column":1}},"line":97},"7":{"name":"(anonymous_7)","decl":{"start":{"line":111,"column":24},"end":{"line":111,"column":25}},"loc":{"start":{"line":112,"column":6},"end":{"line":116,"column":9}},"line":112},"8":{"name":"(anonymous_8)","decl":{"start":{"line":112,"column":44},"end":{"line":112,"column":45}},"loc":{"start":{"line":112,"column":51},"end":{"line":116,"column":7}},"line":112},"9":{"name":"(anonymous_9)","decl":{"start":{"line":131,"column":18},"end":{"line":131,"column":19}},"loc":{"start":{"line":131,"column":42},"end":{"line":152,"column":7}},"line":131},"10":{"name":"(anonymous_10)","decl":{"start":{"line":166,"column":17},"end":{"line":166,"column":18}},"loc":{"start":{"line":166,"column":37},"end":{"line":206,"column":1}},"line":166},"11":{"name":"(anonymous_11)","decl":{"start":{"line":208,"column":19},"end":{"line":208,"column":20}},"loc":{"start":{"line":208,"column":39},"end":{"line":270,"column":1}},"line":208},"12":{"name":"(anonymous_12)","decl":{"start":{"line":271,"column":20},"end":{"line":271,"column":21}},"loc":{"start":{"line":271,"column":40},"end":{"line":306,"column":1}},"line":271},"13":{"name":"(anonymous_13)","decl":{"start":{"line":288,"column":38},"end":{"line":288,"column":39}},"loc":{"start":{"line":288,"column":48},"end":{"line":288,"column":56}},"line":288},"14":{"name":"(anonymous_14)","decl":{"start":{"line":297,"column":26},"end":{"line":297,"column":27}},"loc":{"start":{"line":297,"column":39},"end":{"line":297,"column":63}},"line":297},"15":{"name":"(anonymous_15)","decl":{"start":{"line":314,"column":17},"end":{"line":314,"column":18}},"loc":{"start":{"line":314,"column":23},"end":{"line":316,"column":1}},"line":314}},"branchMap":{"0":{"loc":{"start":{"line":86,"column":4},"end":{"line":90,"column":5}},"type":"if","locations":[{"start":{"line":86,"column":4},"end":{"line":90,"column":5}},{"start":{},"end":{}}],"line":86},"1":{"loc":{"start":{"line":146,"column":10},"end":{"line":150,"column":11}},"type":"if","locations":[{"start":{"line":146,"column":10},"end":{"line":150,"column":11}},{"start":{"line":148,"column":17},"end":{"line":150,"column":11}}],"line":146},"2":{"loc":{"start":{"line":170,"column":15},"end":{"line":170,"column":42}},"type":"binary-expr","locations":[{"start":{"line":170,"column":15},"end":{"line":170,"column":37}},{"start":{"line":170,"column":41},"end":{"line":170,"column":42}}],"line":170},"3":{"loc":{"start":{"line":193,"column":4},"end":{"line":196,"column":5}},"type":"if","locations":[{"start":{"line":193,"column":4},"end":{"line":196,"column":5}},{"start":{},"end":{}}],"line":193},"4":{"loc":{"start":{"line":212,"column":6},"end":{"line":212,"column":14}},"type":"default-arg","locations":[{"start":{"line":212,"column":13},"end":{"line":212,"column":14}}],"line":212},"5":{"loc":{"start":{"line":213,"column":6},"end":{"line":213,"column":16}},"type":"default-arg","locations":[{"start":{"line":213,"column":14},"end":{"line":213,"column":16}}],"line":213},"6":{"loc":{"start":{"line":214,"column":6},"end":{"line":214,"column":15}},"type":"default-arg","locations":[{"start":{"line":214,"column":13},"end":{"line":214,"column":15}}],"line":214},"7":{"loc":{"start":{"line":215,"column":6},"end":{"line":215,"column":16}},"type":"default-arg","locations":[{"start":{"line":215,"column":14},"end":{"line":215,"column":16}}],"line":215},"8":{"loc":{"start":{"line":216,"column":6},"end":{"line":216,"column":16}},"type":"default-arg","locations":[{"start":{"line":216,"column":14},"end":{"line":216,"column":16}}],"line":216},"9":{"loc":{"start":{"line":234,"column":4},"end":{"line":236,"column":5}},"type":"if","locations":[{"start":{"line":234,"column":4},"end":{"line":236,"column":5}},{"start":{},"end":{}}],"line":234},"10":{"loc":{"start":{"line":238,"column":4},"end":{"line":240,"column":5}},"type":"if","locations":[{"start":{"line":238,"column":4},"end":{"line":240,"column":5}},{"start":{},"end":{}}],"line":238},"11":{"loc":{"start":{"line":242,"column":4},"end":{"line":244,"column":5}},"type":"if","locations":[{"start":{"line":242,"column":4},"end":{"line":244,"column":5}},{"start":{},"end":{}}],"line":242},"12":{"loc":{"start":{"line":283,"column":6},"end":{"line":285,"column":7}},"type":"if","locations":[{"start":{"line":283,"column":6},"end":{"line":285,"column":7}},{"start":{},"end":{}}],"line":283},"13":{"loc":{"start":{"line":296,"column":6},"end":{"line":298,"column":7}},"type":"if","locations":[{"start":{"line":296,"column":6},"end":{"line":298,"column":7}},{"start":{},"end":{}}],"line":296}},"s":{"0":1,"1":1,"2":1,"3":1,"4":1,"5":1,"6":2,"7":2,"8":2,"9":0,"10":1,"11":1,"12":1,"13":1,"14":1,"15":1,"16":1,"17":1,"18":1,"19":1,"20":1,"21":1,"22":1,"23":1,"24":1,"25":1,"26":1,"27":1,"28":2,"29":2,"30":2,"31":0,"32":0,"33":0,"34":0,"35":0,"36":0,"37":2,"38":2,"39":2,"40":2,"41":2,"42":0,"43":0,"44":0,"45":0,"46":0,"47":0,"48":0,"49":0,"50":0,"51":0,"52":0,"53":0,"54":0,"55":0,"56":0,"57":0,"58":0,"59":0,"60":0,"61":0,"62":0,"63":2,"64":1,"65":2,"66":2,"67":2,"68":2,"69":2,"70":2,"71":2,"72":2,"73":0,"74":0,"75":0,"76":0,"77":0,"78":0,"79":2,"80":2,"81":1,"82":1,"83":1,"84":1,"85":1,"86":1,"87":1,"88":1,"89":1,"90":1,"91":1,"92":1,"93":1,"94":1,"95":0,"96":1,"97":0,"98":1,"99":0,"100":0,"101":0,"102":0,"103":0,"104":0,"105":0,"106":1,"107":1,"108":1,"109":1,"110":1,"111":1,"112":1,"113":1,"114":1,"115":0,"116":0,"117":0,"118":0,"119":0,"120":0,"121":0,"122":0,"123":0,"124":0,"125":0,"126":1,"127":1,"128":1,"129":1,"130":1,"131":1,"132":1,"133":1},"f":{"0":2,"1":1,"2":1,"3":1,"4":2,"5":0,"6":2,"7":0,"8":0,"9":0,"10":2,"11":1,"12":1,"13":0,"14":0,"15":1},"b":{"0":[0,0],"1":[0,0],"2":[2,0],"3":[0,0],"4":[1],"5":[1],"6":[0],"7":[1],"8":[1],"9":[1,0],"10":[0,1],"11":[0,1],"12":[0,0],"13":[0,0]},"_coverageSchema":"1a1c01bbd47fc00a2c39e90264f33305004495a9","hash":"255e9782ec9d93ba0388b58288d020ad13665fac"}
}
