TN:
SF:script.js
FN:18,connectDB
FN:56,(anonymous_1)
FN:58,(anonymous_2)
FN:63,(anonymous_3)
FN:79,createIndexes
FN:84,(anonymous_5)
FN:97,populateDatabase
FN:111,(anonymous_7)
FN:112,(anonymous_8)
FN:131,(anonymous_9)
FN:166,(anonymous_10)
FN:208,(anonymous_11)
FN:271,(anonymous_12)
FN:288,(anonymous_13)
FN:297,(anonymous_14)
FN:314,(anonymous_15)
FNF:16
FNH:10
FNDA:2,connectDB
FNDA:1,(anonymous_1)
FNDA:1,(anonymous_2)
FNDA:1,(anonymous_3)
FNDA:2,createIndexes
FNDA:0,(anonymous_5)
FNDA:2,populateDatabase
FNDA:0,(anonymous_7)
FNDA:0,(anonymous_8)
FNDA:0,(anonymous_9)
FNDA:2,(anonymous_10)
FNDA:1,(anonymous_11)
FNDA:1,(anonymous_12)
FNDA:0,(anonymous_13)
FNDA:0,(anonymous_14)
FNDA:1,(anonymous_15)
DA:7,1
DA:9,1
DA:10,1
DA:12,1
DA:13,1
DA:15,1
DA:19,2
DA:20,2
DA:21,2
DA:23,0
DA:28,1
DA:31,1
DA:50,1
DA:51,1
DA:52,1
DA:53,1
DA:56,1
DA:57,1
DA:58,1
DA:61,1
DA:62,1
DA:63,1
DA:67,1
DA:68,1
DA:74,1
DA:75,1
DA:77,1
DA:80,2
DA:81,2
DA:83,2
DA:84,0
DA:86,0
DA:87,0
DA:88,0
DA:89,0
DA:92,2
DA:93,2
DA:98,2
DA:99,2
DA:100,2
DA:102,0
DA:103,0
DA:104,0
DA:111,0
DA:112,0
DA:121,0
DA:123,0
DA:126,0
DA:130,0
DA:132,0
DA:133,0
DA:136,0
DA:139,0
DA:140,0
DA:146,0
DA:147,0
DA:149,0
DA:155,0
DA:156,0
DA:162,2
DA:166,1
DA:167,2
DA:170,2
DA:171,2
DA:174,2
DA:178,2
DA:181,2
DA:182,2
DA:185,2
DA:190,0
DA:193,0
DA:194,0
DA:195,0
DA:199,0
DA:201,0
DA:203,2
DA:204,2
DA:208,1
DA:209,1
DA:217,1
DA:218,1
DA:221,1
DA:222,1
DA:224,1
DA:225,1
DA:226,1
DA:229,1
DA:232,1
DA:234,1
DA:235,1
DA:238,1
DA:239,0
DA:242,1
DA:243,0
DA:247,1
DA:252,0
DA:253,0
DA:256,0
DA:257,0
DA:261,0
DA:262,0
DA:264,0
DA:267,1
DA:268,1
DA:271,1
DA:272,1
DA:274,1
DA:275,1
DA:276,1
DA:278,1
DA:280,1
DA:283,0
DA:284,0
DA:287,0
DA:288,0
DA:290,0
DA:291,0
DA:293,0
DA:296,0
DA:297,0
DA:301,0
DA:303,1
DA:304,1
DA:308,1
DA:309,1
DA:310,1
DA:311,1
DA:314,1
DA:315,1
LF:129
LH:79
BRDA:86,0,0,0
BRDA:86,0,1,0
BRDA:146,1,0,0
BRDA:146,1,1,0
BRDA:170,2,0,2
BRDA:170,2,1,0
BRDA:193,3,0,0
BRDA:193,3,1,0
BRDA:212,4,0,1
BRDA:213,5,0,1
BRDA:214,6,0,0
BRDA:215,7,0,1
BRDA:216,8,0,1
BRDA:234,9,0,1
BRDA:234,9,1,0
BRDA:238,10,0,0
BRDA:238,10,1,1
BRDA:242,11,0,0
BRDA:242,11,1,1
BRDA:283,12,0,0
BRDA:283,12,1,0
BRDA:296,13,0,0
BRDA:296,13,1,0
BRF:23
BRH:8
end_of_record
